<?xml version="1.0" encoding="UTF-8"?>
<!-- Generated by org.testng.reporters.JUnitReportReporter -->
<testsuite hostname="DESKTOP-6334OPK" name="com.training.regression.tests.LoginExcelTest" tests="2" failures="0" timestamp="18 May 2020 06:35:19 GMT" time="60.190" errors="0">
  <testcase name="loginDBTest" time="29.994" classname="com.training.regression.tests.LoginExcelTest"/>
  <testcase name="loginDBTest" time="30.196" classname="com.training.regression.tests.LoginExcelTest"/>
</testsuite> <!-- com.training.regression.tests.LoginExcelTest -->
