<?xml version="1.0" encoding="UTF-8"?>
<!-- Generated by org.testng.reporters.JUnitReportReporter -->
<testsuite hostname="DESKTOP-6334OPK" name="com.training.sanity.tests.RETC_072_ComplexRealEstate_Admin_AddCategoryandPost" tests="2" failures="0" timestamp="19 May 2020 07:50:50 GMT" time="116.986" errors="0">
  <testcase name="LogintoRealEstateApp" time="8.903" classname="com.training.sanity.tests.RETC_072_ComplexRealEstate_Admin_AddCategoryandPost"/>
  <testcase name="AdminChangingUserRole" time="108.083" classname="com.training.sanity.tests.RETC_072_ComplexRealEstate_Admin_AddCategoryandPost"/>
</testsuite> <!-- com.training.sanity.tests.RETC_072_ComplexRealEstate_Admin_AddCategoryandPost -->
