<?xml version="1.0" encoding="UTF-8"?>
<!-- Generated by org.testng.reporters.JUnitReportReporter -->
<testsuite hostname="DESKTOP-6334OPK" name="com.training.sanity.tests.RETC_071_ComplexRealEstate_Admin_ChangeRole" tests="4" failures="0" timestamp="19 May 2020 07:44:34 GMT" time="105.011" errors="0">
  <testcase name="AdminChangingUserRole" time="30.935" classname="com.training.sanity.tests.RETC_071_ComplexRealEstate_Admin_ChangeRole"/>
  <testcase name="LogintoRealEstateApp" time="8.932" classname="com.training.sanity.tests.RETC_071_ComplexRealEstate_Admin_ChangeRole"/>
  <testcase name="AdminChangingUserRole" time="30.469" classname="com.training.sanity.tests.RETC_071_ComplexRealEstate_Admin_ChangeRole"/>
  <testcase name="AdminChangingUserRole" time="34.675" classname="com.training.sanity.tests.RETC_071_ComplexRealEstate_Admin_ChangeRole"/>
</testsuite> <!-- com.training.sanity.tests.RETC_071_ComplexRealEstate_Admin_ChangeRole -->
