<?xml version="1.0" encoding="UTF-8"?>
<!-- Generated by org.testng.reporters.JUnitReportReporter -->
<testsuite hostname="DESKTOP-6334OPK" name="com.training.sanity.tests.RETC_070_ComplexRealEstate_ContactForm_InvalidDetails" tests="3" failures="0" timestamp="19 May 2020 07:40:40 GMT" time="31.929" errors="0">
  <testcase name="AdminChangingUserRole" time="9.574" classname="com.training.sanity.tests.RETC_070_ComplexRealEstate_ContactForm_InvalidDetails"/>
  <testcase name="AdminChangingUserRole" time="12.488" classname="com.training.sanity.tests.RETC_070_ComplexRealEstate_ContactForm_InvalidDetails"/>
  <testcase name="AdminChangingUserRole" time="9.867" classname="com.training.sanity.tests.RETC_070_ComplexRealEstate_ContactForm_InvalidDetails"/>
</testsuite> <!-- com.training.sanity.tests.RETC_070_ComplexRealEstate_ContactForm_InvalidDetails -->
